C:\USERS\FALLAHA\DESKTOP\COMPSCI\COMPUTER SCIENCE PROGRAMS\LAB5PART2\LAB5PART2\DEBUG\SOURCE.CPP.NATIVECODEANALYSIS.XML
C:\USERS\FALLAHA\DESKTOP\COMPSCI\COMPUTER SCIENCE PROGRAMS\LAB5PART2\LAB5PART2\DEBUG\SOURCE.OBJ
C:\USERS\FALLAHA\DESKTOP\COMPSCI\COMPUTER SCIENCE PROGRAMS\LAB5PART2\LAB5PART2\DEBUG\VC110.PDB
C:\USERS\FALLAHA\DESKTOP\COMPSCI\COMPUTER SCIENCE PROGRAMS\LAB5PART2\DEBUG\LAB5PART2.ILK
C:\USERS\FALLAHA\DESKTOP\COMPSCI\COMPUTER SCIENCE PROGRAMS\LAB5PART2\DEBUG\LAB5PART2.EXE
C:\USERS\FALLAHA\DESKTOP\COMPSCI\COMPUTER SCIENCE PROGRAMS\LAB5PART2\DEBUG\LAB5PART2.PDB
C:\Users\fallaha\Desktop\Compsci\Computer Science programs\lab5part2\lab5part2\Debug\Source.obj
C:\Users\fallaha\Desktop\Compsci\Computer Science programs\lab5part2\lab5part2\Debug\cl.command.1.tlog
C:\Users\fallaha\Desktop\Compsci\Computer Science programs\lab5part2\lab5part2\Debug\CL.read.1.tlog
C:\Users\fallaha\Desktop\Compsci\Computer Science programs\lab5part2\lab5part2\Debug\CL.write.1.tlog
C:\Users\fallaha\Desktop\Compsci\Computer Science programs\lab5part2\lab5part2\Debug\link-cvtres.read.1.tlog
C:\Users\fallaha\Desktop\Compsci\Computer Science programs\lab5part2\lab5part2\Debug\link-cvtres.write.1.tlog
C:\Users\fallaha\Desktop\Compsci\Computer Science programs\lab5part2\lab5part2\Debug\link-rc.read.1.tlog
C:\Users\fallaha\Desktop\Compsci\Computer Science programs\lab5part2\lab5part2\Debug\link-rc.write.1.tlog
C:\Users\fallaha\Desktop\Compsci\Computer Science programs\lab5part2\lab5part2\Debug\link.command.1.tlog
C:\Users\fallaha\Desktop\Compsci\Computer Science programs\lab5part2\lab5part2\Debug\link.read.1.tlog
C:\Users\fallaha\Desktop\Compsci\Computer Science programs\lab5part2\lab5part2\Debug\link.write.1.tlog
C:\Users\fallaha\Desktop\Compsci\Computer Science programs\lab5part2\lab5part2\Debug\NativeCodeAnalysis.read.1.tlog
C:\Users\fallaha\Desktop\Compsci\Computer Science programs\lab5part2\lab5part2\Debug\vc110.idb
C:\Users\fallaha\Desktop\Compsci\Computer Science programs\lab5part2\lab5part2\Debug\vc110.pdb
C:\Users\fallaha\Desktop\Compsci\Computer Science programs\lab5part2\lab5part2\Debug\Source.cpp.nativecodeanalysis.xml
C:\Users\fallaha\Desktop\Compsci\Computer Science programs\lab5part2\lab5part2\Debug\vc.nativecodeanalysis.all.xml
C:\Users\fallaha\Desktop\Compsci\Computer Science programs\lab5part2\Debug\lab5part2.pdb
C:\Users\fallaha\Desktop\Compsci\Computer Science programs\lab5part2\Debug\lab5part2.exe
C:\Users\fallaha\Desktop\Compsci\Computer Science programs\lab5part2\Debug\lab5part2.ilk
C:\Users\fallaha\Desktop\Compsci\Computer Science programs\lab5part2\Debug\lab5part2.exe.lastcodeanalysissucceeded
